Started by user unknown or anonymous
Obtained Jenkinsfile from git https://github.com/hdxt25/JenkinsCI-DevOpsClassCodes.git
Loading library Shared@main
Attempting to resolve main from remote references...
 > /usr/bin/git --version # timeout=10
 > git --version # 'git version 2.43.0'
using GIT_ASKPASS to set credentials github login credentials
 > /usr/bin/git ls-remote -h -- https://github.com/hdxt25/Jenkins_SharedLib.git # timeout=10
Found match: refs/heads/main revision 7f70b781a99b775a38d0ac78011d160f9a2d3691
Selected Git installation does not exist. Using Default
The recommended git tool is: NONE
using credential GITHUB_CRED
 > /usr/bin/git rev-parse --resolve-git-dir /var/lib/jenkins/workspace/devopsclasscodes@libs/e0673a96f94fa4ebf1964803ecd9cbe6d3b12aa0c23827e4135a87cd646c6ae4/.git # timeout=10
Fetching changes from the remote Git repository
 > /usr/bin/git config remote.origin.url https://github.com/hdxt25/Jenkins_SharedLib.git # timeout=10
Fetching without tags
Fetching upstream changes from https://github.com/hdxt25/Jenkins_SharedLib.git
 > /usr/bin/git --version # timeout=10
 > git --version # 'git version 2.43.0'
using GIT_ASKPASS to set credentials github login credentials
 > /usr/bin/git fetch --no-tags --force --progress -- https://github.com/hdxt25/Jenkins_SharedLib.git +refs/heads/*:refs/remotes/origin/* # timeout=10
Checking out Revision 7f70b781a99b775a38d0ac78011d160f9a2d3691 (main)
 > /usr/bin/git config core.sparsecheckout # timeout=10
 > /usr/bin/git checkout -f 7f70b781a99b775a38d0ac78011d160f9a2d3691 # timeout=10
Commit message: "Enhance multiarch build function with builder check"
 > /usr/bin/git rev-list --no-walk a543efd938e657833104a949a653a6b7718ff938 # timeout=10
[Pipeline] Start of Pipeline
[Pipeline] node
Running on node in /home/himanshu/workspace/devopsclasscodes
[Pipeline] {
[Pipeline] stage
[Pipeline] { (Declarative: Checkout SCM)
[Pipeline] checkout
Selected Git installation does not exist. Using Default
The recommended git tool is: NONE
using credential GITHUB_CRED
Fetching changes from the remote Git repository
 > /usr/bin/git rev-parse --resolve-git-dir /home/himanshu/workspace/devopsclasscodes/.git # timeout=10
 > /usr/bin/git config remote.origin.url https://github.com/hdxt25/JenkinsCI-DevOpsClassCodes.git # timeout=10
Fetching upstream changes from https://github.com/hdxt25/JenkinsCI-DevOpsClassCodes.git
 > /usr/bin/git --version # timeout=10
 > git --version # 'git version 2.43.0'
using GIT_ASKPASS to set credentials github login credentials
 > /usr/bin/git fetch --tags --force --progress -- https://github.com/hdxt25/JenkinsCI-DevOpsClassCodes.git +refs/heads/*:refs/remotes/origin/* # timeout=10
Checking out Revision 4939a403ce9c45dea79541aa3f0968ee1d11d7a0 (refs/remotes/origin/main)
 > /usr/bin/git rev-parse refs/remotes/origin/main^{commit} # timeout=10
 > /usr/bin/git config core.sparsecheckout # timeout=10
 > /usr/bin/git checkout -f 4939a403ce9c45dea79541aa3f0968ee1d11d7a0 # timeout=10
Commit message: "add"
 > /usr/bin/git rev-list --no-walk 4939a403ce9c45dea79541aa3f0968ee1d11d7a0 # timeout=10
[Pipeline] }
[Pipeline] // stage
[Pipeline] withEnv
[Pipeline] {
[Pipeline] withCredentials
Masking supported pattern matches of $NVD_API_KEY or $AWS_ECR_REPO_NAME or $AWS_ACCOUNT_ID
[Pipeline] {
[Pipeline] tool
[Pipeline] withEnv
Warning: A secret was passed to "withEnv" using Groovy String interpolation, which is insecure.
		 Affected argument(s) used the following variable(s): [AWS_ECR_REPO_NAME, AWS_ACCOUNT_ID]
		 See https://jenkins.io/redirect/groovy-string-interpolation for details.
[Pipeline] {
[Pipeline] stage
[Pipeline] { (Declarative: Tool Install)
[Pipeline] tool
[Pipeline] envVarsForTool
[Pipeline] }
[Pipeline] // stage
[Pipeline] withEnv
[Pipeline] {
[Pipeline] stage
[Pipeline] { (Workspace cleanup)
[Pipeline] tool
[Pipeline] envVarsForTool
[Pipeline] withEnv
[Pipeline] {
[Pipeline] script
[Pipeline] {
[Pipeline] cleanWs
[WS-CLEANUP] Deleting project workspace...
[WS-CLEANUP] Deferred wipeout is used...
[WS-CLEANUP] done
[Pipeline] }
[Pipeline] // script
[Pipeline] }
[Pipeline] // withEnv
[Pipeline] }
[Pipeline] // stage
[Pipeline] stage
[Pipeline] { (Git: Code Checkout)
[Pipeline] tool
[Pipeline] envVarsForTool
[Pipeline] withEnv
[Pipeline] {
[Pipeline] script
[Pipeline] {
[Pipeline] git
Selected Git installation does not exist. Using Default
The recommended git tool is: NONE
using credential GITHUB_CRED
Cloning the remote Git repository
Cloning repository https://github.com/hdxt25/JenkinsCI-DevOpsClassCodes.git
 > /usr/bin/git init /home/himanshu/workspace/**** # timeout=10
Fetching upstream changes from https://github.com/hdxt25/JenkinsCI-DevOpsClassCodes.git
 > /usr/bin/git --version # timeout=10
 > git --version # 'git version 2.43.0'
using GIT_ASKPASS to set credentials github login credentials
 > /usr/bin/git fetch --tags --force --progress -- https://github.com/hdxt25/JenkinsCI-DevOpsClassCodes.git +refs/heads/*:refs/remotes/origin/* # timeout=10
Avoid second fetch
Checking out Revision 4939a403ce9c45dea79541aa3f0968ee1d11d7a0 (refs/remotes/origin/main)
 > /usr/bin/git config remote.origin.url https://github.com/hdxt25/JenkinsCI-DevOpsClassCodes.git # timeout=10
 > /usr/bin/git config --add remote.origin.fetch +refs/heads/*:refs/remotes/origin/* # timeout=10
 > /usr/bin/git rev-parse refs/remotes/origin/main^{commit} # timeout=10
 > /usr/bin/git config core.sparsecheckout # timeout=10
 > /usr/bin/git checkout -f 4939a403ce9c45dea79541aa3f0968ee1d11d7a0 # timeout=10
 > /usr/bin/git branch -a -v --no-abbrev # timeout=10
 > /usr/bin/git checkout -b main 4939a403ce9c45dea79541aa3f0968ee1d11d7a0 # timeout=10
Commit message: "add"
[Pipeline] }
[Pipeline] // script
[Pipeline] }
[Pipeline] // withEnv
[Pipeline] }
[Pipeline] // stage
[Pipeline] stage
[Pipeline] { (Build,Compile,test,package)
[Pipeline] tool
[Pipeline] envVarsForTool
[Pipeline] withEnv
[Pipeline] {
[Pipeline] sh
+ mvn compile
[INFO] Scanning for projects...
[WARNING] 
[WARNING] Some problems were encountered while building the effective model for com.edurekademo.tutorial:addressbook:war:2.0
[WARNING] Reporting configuration should be done in <reporting> section, not in maven-site-plugin <configuration> as reportPlugins parameter. @ line 298, column 40
[WARNING] 
[WARNING] It is highly recommended to fix these problems because they threaten the stability of your build.
[WARNING] 
[WARNING] For this reason, future Maven versions might no longer support building such malformed projects.
[WARNING] 
[INFO] 
[INFO] ----------------< com.edurekademo.tutorial:addressbook >----------------
[INFO] Building Vaadin Addressbook example 2.0
[INFO]   from pom.xml
[INFO] --------------------------------[ war ]---------------------------------
[INFO] 
[INFO] --- enforcer:1.0:enforce (enforce-versions) @ addressbook ---
[INFO] 
[INFO] --- resources:3.3.1:resources (default-resources) @ addressbook ---
[INFO] skip non existing resourceDirectory /home/himanshu/workspace/****/src/main/resources
[INFO] 
[INFO] --- compiler:3.2:compile (default-compile) @ addressbook ---
[INFO] Changes detected - recompiling the module!
[INFO] Compiling 13 source files to /home/himanshu/workspace/****/target/classes
[INFO] /home/himanshu/workspace/****/src/main/java/com/edurekademo/tutorial/addressbook/AddressbookUI.java: Some input files use or override a deprecated API.
[INFO] /home/himanshu/workspace/****/src/main/java/com/edurekademo/tutorial/addressbook/AddressbookUI.java: Recompile with -Xlint:deprecation for details.
[INFO] /home/himanshu/workspace/****/src/main/java/com/edurekademo/tutorial/addressbook/backend/ContactService.java: /home/himanshu/workspace/****/src/main/java/com/edurekademo/tutorial/addressbook/backend/ContactService.java uses unchecked or unsafe operations.
[INFO] /home/himanshu/workspace/****/src/main/java/com/edurekademo/tutorial/addressbook/backend/ContactService.java: Recompile with -Xlint:unchecked for details.
[INFO] ------------------------------------------------------------------------
[INFO] BUILD SUCCESS
[INFO] ------------------------------------------------------------------------
[INFO] Total time:  4.025 s
[INFO] Finished at: 2025-11-22T03:23:51Z
[INFO] ------------------------------------------------------------------------
[Pipeline] sh
+ mvn -P metrics pmd:pmd
[INFO] Scanning for projects...
[INFO] 
[INFO] ----------------< com.edurekademo.tutorial:addressbook >----------------
[INFO] Building Vaadin Addressbook example 2.0
[INFO]   from pom.xml
[INFO] --------------------------------[ war ]---------------------------------
[INFO] 
[INFO] --- pmd:3.2:pmd (default-cli) @ addressbook ---
[WARNING] Unable to locate Source XRef to link to - DISABLED
[WARNING] Unable to locate Source XRef to link to - DISABLED
[INFO] ------------------------------------------------------------------------
[INFO] BUILD SUCCESS
[INFO] ------------------------------------------------------------------------
[INFO] Total time:  2.951 s
[INFO] Finished at: 2025-11-22T03:23:56Z
[INFO] ------------------------------------------------------------------------
[Pipeline] sh
+ mvn test
[INFO] Scanning for projects...
[WARNING] 
[WARNING] Some problems were encountered while building the effective model for com.edurekademo.tutorial:addressbook:war:2.0
[WARNING] Reporting configuration should be done in <reporting> section, not in maven-site-plugin <configuration> as reportPlugins parameter. @ line 298, column 40
[WARNING] 
[WARNING] It is highly recommended to fix these problems because they threaten the stability of your build.
[WARNING] 
[WARNING] For this reason, future Maven versions might no longer support building such malformed projects.
[WARNING] 
[INFO] 
[INFO] ----------------< com.edurekademo.tutorial:addressbook >----------------
[INFO] Building Vaadin Addressbook example 2.0
[INFO]   from pom.xml
[INFO] --------------------------------[ war ]---------------------------------
[INFO] 
[INFO] --- enforcer:1.0:enforce (enforce-versions) @ addressbook ---
[INFO] 
[INFO] --- resources:3.3.1:resources (default-resources) @ addressbook ---
[INFO] skip non existing resourceDirectory /home/himanshu/workspace/****/src/main/resources
[INFO] 
[INFO] --- compiler:3.2:compile (default-compile) @ addressbook ---
[INFO] Nothing to compile - all classes are up to date
[INFO] 
[INFO] --- resources:3.3.1:testResources (default-testResources) @ addressbook ---
[INFO] Copying 1 resource from src/test/resources to target/test-classes
[INFO] 
[INFO] --- compiler:3.2:testCompile (default-testCompile) @ addressbook ---
[INFO] Changes detected - recompiling the module!
[INFO] Compiling 5 source files to /home/himanshu/workspace/****/target/test-classes
[INFO] /home/himanshu/workspace/****/src/test/java/com/edurekademo/utilities/TestGenericComparator.java: /home/himanshu/workspace/****/src/test/java/com/edurekademo/utilities/TestGenericComparator.java uses or overrides a deprecated API that is marked for removal.
[INFO] /home/himanshu/workspace/****/src/test/java/com/edurekademo/utilities/TestGenericComparator.java: Recompile with -Xlint:removal for details.
[INFO] 
[INFO] --- surefire:2.19.1:test (default-test) @ addressbook ---

-------------------------------------------------------
 T E S T S
-------------------------------------------------------
Running com.edurekademo.utilities.TestHexAsciiConversion
74657374696e6720617363696920636f6e76657274696f6e20696e746f2068657861646563696d616c
testing ascii convertion into hexadecimal
Tests run: 4, Failures: 0, Errors: 0, Skipped: 0, Time elapsed: 0.007 sec - in com.edurekademo.utilities.TestHexAsciiConversion
Running com.edurekademo.utilities.TestLogger
SLF4J: Class path contains multiple SLF4J bindings.
SLF4J: Found binding in [jar:file:/home/himanshu/.m2/repository/org/slf4j/slf4j-simple/1.7.7/slf4j-simple-1.7.7.jar!/org/slf4j/impl/StaticLoggerBinder.class]
SLF4J: Found binding in [jar:file:/home/himanshu/.m2/repository/org/slf4j/slf4j-log4j12/1.7.7/slf4j-log4j12-1.7.7.jar!/org/slf4j/impl/StaticLoggerBinder.class]
SLF4J: See http://www.slf4j.org/codes.html#multiple_bindings for an explanation.
SLF4J: Actual binding is of type [org.slf4j.impl.SimpleLoggerFactory]
[pool-1-thread-5] INFO com.edurekademo.utilities.TestLogger - java.lang.ArithmeticException: / by zero
Cause:at com.edurekademo.utilities.TestLogger.testGetErrorMessage1(TestLogger.java:14)
Cause:at java.base/jdk.internal.reflect.NativeMethodAccessorImpl.invoke0(Native Method)
[pool-1-thread-7] INFO com.edurekademo.utilities.TestLogger - java.lang.ArithmeticException: / by zero
Cause:at com.edurekademo.utilities.ExceptionThrower.getCounter(ExceptionThrower.java:13)
Cause:at com.edurekademo.utilities.TestLogger.testGetErrorMessage3(TestLogger.java:45)
[pool-1-thread-6] INFO com.edurekademo.utilities.TestLogger - java.lang.ArithmeticException: / by zero
Cause:at com.edurekademo.utilities.TestLogger.testGetErrorMessage2(TestLogger.java:30)
Cause:at java.base/jdk.internal.reflect.NativeMethodAccessorImpl.invoke0(Native Method)
[pool-1-thread-8] INFO com.edurekademo.utilities.TestLogger - java.io.IOException: TESTIOEXCEPTION
Cause:at com.edurekademo.utilities.ExceptionThrower.doNothing(ExceptionThrower.java:18)
Cause:at com.edurekademo.utilities.TestLogger.testGetErrorMessage4(TestLogger.java:60)
[pool-1-thread-9] ERROR com.edurekademo.utilities.ExceptionThrower - java.lang.Exception: DEAR
Cause:at com.edurekademo.utilities.ExceptionThrower.doYYY(ExceptionThrower.java:35)
Cause:at com.edurekademo.utilities.ExceptionThrower.doXXX(ExceptionThrower.java:23)
[pool-1-thread-9] INFO com.edurekademo.utilities.TestLogger - java.lang.Exception: TEST MESSAGE
Cause:at com.edurekademo.utilities.ExceptionThrower.doCheck(ExceptionThrower.java:43)
Cause:at com.edurekademo.utilities.TestLogger.testGetErrorMessage5(TestLogger.java:75)
***** java.lang.Exception: TEST MESSAGE
Cause:at com.edurekademo.utilities.ExceptionThrower.doCheck(ExceptionThrower.java:43)
Cause:at com.edurekademo.utilities.TestLogger.testGetErrorMessage5(TestLogger.java:75)
Tests run: 5, Failures: 0, Errors: 0, Skipped: 0, Time elapsed: 0.048 sec - in com.edurekademo.utilities.TestLogger
Running com.edurekademo.utilities.TestGenericComparator
Tests run: 14, Failures: 0, Errors: 0, Skipped: 0, Time elapsed: 0.023 sec - in com.edurekademo.utilities.TestGenericComparator

Results :

Tests run: 23, Failures: 0, Errors: 0, Skipped: 0

[INFO] ------------------------------------------------------------------------
[INFO] BUILD SUCCESS
[INFO] ------------------------------------------------------------------------
[INFO] Total time:  4.874 s
[INFO] Finished at: 2025-11-22T03:24:04Z
[INFO] ------------------------------------------------------------------------
[Pipeline] sh
+ mvn package
[INFO] Scanning for projects...
[WARNING] 
[WARNING] Some problems were encountered while building the effective model for com.edurekademo.tutorial:addressbook:war:2.0
[WARNING] Reporting configuration should be done in <reporting> section, not in maven-site-plugin <configuration> as reportPlugins parameter. @ line 298, column 40
[WARNING] 
[WARNING] It is highly recommended to fix these problems because they threaten the stability of your build.
[WARNING] 
[WARNING] For this reason, future Maven versions might no longer support building such malformed projects.
[WARNING] 
[INFO] 
[INFO] ----------------< com.edurekademo.tutorial:addressbook >----------------
[INFO] Building Vaadin Addressbook example 2.0
[INFO]   from pom.xml
[INFO] --------------------------------[ war ]---------------------------------
[INFO] 
[INFO] --- enforcer:1.0:enforce (enforce-versions) @ addressbook ---
[INFO] 
[INFO] --- resources:3.3.1:resources (default-resources) @ addressbook ---
[INFO] skip non existing resourceDirectory /home/himanshu/workspace/****/src/main/resources
[INFO] 
[INFO] --- compiler:3.2:compile (default-compile) @ addressbook ---
[INFO] Nothing to compile - all classes are up to date
[INFO] 
[INFO] --- resources:3.3.1:testResources (default-testResources) @ addressbook ---
[INFO] Copying 1 resource from src/test/resources to target/test-classes
[INFO] 
[INFO] --- compiler:3.2:testCompile (default-testCompile) @ addressbook ---
[INFO] Nothing to compile - all classes are up to date
[INFO] 
[INFO] --- surefire:2.19.1:test (default-test) @ addressbook ---

-------------------------------------------------------
 T E S T S
-------------------------------------------------------
Running com.edurekademo.utilities.TestHexAsciiConversion
74657374696e6720617363696920636f6e76657274696f6e20696e746f2068657861646563696d616c
testing ascii convertion into hexadecimal
Tests run: 4, Failures: 0, Errors: 0, Skipped: 0, Time elapsed: 0.008 sec - in com.edurekademo.utilities.TestHexAsciiConversion
Running com.edurekademo.utilities.TestLogger
SLF4J: Class path contains multiple SLF4J bindings.
SLF4J: Found binding in [jar:file:/home/himanshu/.m2/repository/org/slf4j/slf4j-simple/1.7.7/slf4j-simple-1.7.7.jar!/org/slf4j/impl/StaticLoggerBinder.class]
SLF4J: Found binding in [jar:file:/home/himanshu/.m2/repository/org/slf4j/slf4j-log4j12/1.7.7/slf4j-log4j12-1.7.7.jar!/org/slf4j/impl/StaticLoggerBinder.class]
SLF4J: See http://www.slf4j.org/codes.html#multiple_bindings for an explanation.
SLF4J: Actual binding is of type [org.slf4j.impl.SimpleLoggerFactory]
[pool-1-thread-5] INFO com.edurekademo.utilities.TestLogger - java.lang.ArithmeticException: / by zero
Cause:at com.edurekademo.utilities.TestLogger.testGetErrorMessage1(TestLogger.java:14)
Cause:at java.base/jdk.internal.reflect.NativeMethodAccessorImpl.invoke0(Native Method)
[pool-1-thread-6] INFO com.edurekademo.utilities.TestLogger - java.lang.ArithmeticException: / by zero
Cause:at com.edurekademo.utilities.TestLogger.testGetErrorMessage2(TestLogger.java:30)
Cause:at java.base/jdk.internal.reflect.NativeMethodAccessorImpl.invoke0(Native Method)
[pool-1-thread-7] INFO com.edurekademo.utilities.TestLogger - java.lang.ArithmeticException: / by zero
Cause:at com.edurekademo.utilities.ExceptionThrower.getCounter(ExceptionThrower.java:13)
Cause:at com.edurekademo.utilities.TestLogger.testGetErrorMessage3(TestLogger.java:45)
[pool-1-thread-9] ERROR com.edurekademo.utilities.ExceptionThrower - java.lang.Exception: DEAR
Cause:at com.edurekademo.utilities.ExceptionThrower.doYYY(ExceptionThrower.java:35)
Cause:at com.edurekademo.utilities.ExceptionThrower.doXXX(ExceptionThrower.java:23)
[pool-1-thread-9] INFO com.edurekademo.utilities.TestLogger - java.lang.Exception: TEST MESSAGE
Cause:at com.edurekademo.utilities.ExceptionThrower.doCheck(ExceptionThrower.java:43)
Cause:at com.edurekademo.utilities.TestLogger.testGetErrorMessage5(TestLogger.java:75)
***** java.lang.Exception: TEST MESSAGE
Cause:at com.edurekademo.utilities.ExceptionThrower.doCheck(ExceptionThrower.java:43)
Cause:at com.edurekademo.utilities.TestLogger.testGetErrorMessage5(TestLogger.java:75)
[pool-1-thread-8] INFO com.edurekademo.utilities.TestLogger - java.io.IOException: TESTIOEXCEPTION
Cause:at com.edurekademo.utilities.ExceptionThrower.doNothing(ExceptionThrower.java:18)
Cause:at com.edurekademo.utilities.TestLogger.testGetErrorMessage4(TestLogger.java:60)
Tests run: 5, Failures: 0, Errors: 0, Skipped: 0, Time elapsed: 0.025 sec - in com.edurekademo.utilities.TestLogger
Running com.edurekademo.utilities.TestGenericComparator
Tests run: 14, Failures: 0, Errors: 0, Skipped: 0, Time elapsed: 0.01 sec - in com.edurekademo.utilities.TestGenericComparator

Results :

Tests run: 23, Failures: 0, Errors: 0, Skipped: 0

[INFO] 
[INFO] --- war:3.4.0:war (default-war) @ addressbook ---
[INFO] Packaging webapp
[INFO] Assembling webapp [addressbook] in [/home/himanshu/workspace/****/target/addressbook]
[INFO] Processing war project
[INFO] Building war: /home/himanshu/workspace/****/target/addressbook.war
[INFO] ------------------------------------------------------------------------
[INFO] BUILD SUCCESS
[INFO] ------------------------------------------------------------------------
[INFO] Total time:  4.792 s
[INFO] Finished at: 2025-11-22T03:24:11Z
[INFO] ------------------------------------------------------------------------
[Pipeline] }
[Pipeline] // withEnv
[Pipeline] }
[Pipeline] // stage
[Pipeline] stage
[Pipeline] { (Trivy File Scan)
[Pipeline] tool
[Pipeline] envVarsForTool
[Pipeline] withEnv
[Pipeline] {
[Pipeline] script
[Pipeline] {
[Pipeline] sh
+ trivy fs --format json --output trivy-frontend-report.json .
2025-11-22T03:24:14Z	INFO	[vuln] Vulnerability scanning is enabled
2025-11-22T03:24:14Z	INFO	[secret] Secret scanning is enabled
2025-11-22T03:24:14Z	INFO	[secret] If your scanning is slow, please try '--scanners vuln' to disable secret scanning
2025-11-22T03:24:14Z	INFO	[secret] Please see https://trivy.dev/v0.67/docs/scanner/secret#recommendation for faster secret detection
2025-11-22T03:24:14Z	INFO	Number of language-specific files	num=1
2025-11-22T03:24:14Z	INFO	[pom] Detecting vulnerabilities...
[Pipeline] }
[Pipeline] // script
[Pipeline] }
[Pipeline] // withEnv
[Pipeline] }
[Pipeline] // stage
[Pipeline] stage
[Pipeline] { (OWASP Dependency-Check Scan)
[Pipeline] tool
[Pipeline] envVarsForTool
[Pipeline] withEnv
[Pipeline] {
[Pipeline] script
[Pipeline] {
[Pipeline] dependencyCheck
[INFO] Checking for updates
[INFO] Skipping the NVD API Update as it was completed within the last 240 minutes
[INFO] Skipping Known Exploited Vulnerabilities update check since last check was within 24 hours.
[INFO] Check for updates complete (1372 ms)
[INFO] 

Dependency-Check is an open source tool performing a best effort analysis of 3rd party dependencies; false positives and false negatives may exist in the analysis performed by the tool. Use of the tool and the reporting provided constitutes acceptance for use in an AS IS condition, and there are NO warranties, implied or otherwise, with regard to the analysis or its use. Any use of the tool and the reporting provided is at the user's risk. In no event shall the copyright holder or OWASP be held liable for any damages whatsoever arising out of or in connection with the use of this tool, the analysis performed, or the resulting report.


   About ODC: https://dependency-check.github.io/DependencyCheck/general/internals.html
   False Positives: https://dependency-check.github.io/DependencyCheck/general/suppression.html


[INFO] Analysis Started
[INFO] Finished Archive Analyzer (1 seconds)
[INFO] Finished File Name Analyzer (0 seconds)
[INFO] Finished Jar Analyzer (0 seconds)
[INFO] Finished Central Analyzer (0 seconds)
[INFO] Finished Dependency Merging Analyzer (0 seconds)
[INFO] Finished Hint Analyzer (0 seconds)
[INFO] Finished Version Filter Analyzer (0 seconds)
[INFO] Created CPE Index (5 seconds)
[INFO] Finished CPE Analyzer (8 seconds)
[INFO] Finished False Positive Analyzer (0 seconds)
[INFO] Finished NVD CVE Analyzer (0 seconds)
[INFO] Finished RetireJS Analyzer (4 seconds)
[WARN] Disabling OSS Index analyzer due to missing user/password credentials. Authentication is now required: https://ossindex.sonatype.org/doc/auth-required
[INFO] Finished Vulnerability Suppression Analyzer (0 seconds)
[INFO] Finished Known Exploited Vulnerability Analyzer (0 seconds)
[INFO] Finished Dependency Bundling Analyzer (0 seconds)
[INFO] Finished Unused Suppression Rule Analyzer (0 seconds)
[INFO] Analysis Complete (17 seconds)
[INFO] Writing XML report to: /home/himanshu/workspace/****/./dependency-check-report.xml
[Pipeline] dependencyCheckPublisher
Collecting Dependency-Check artifact
Parsing file /home/himanshu/workspace/****/dependency-check-report.xml
[Pipeline] }
[Pipeline] // script
[Pipeline] }
[Pipeline] // withEnv
[Pipeline] }
[Pipeline] // stage
[Pipeline] stage
[Pipeline] { (SonarQube: Code Analysis)
[Pipeline] tool
[Pipeline] envVarsForTool
[Pipeline] withEnv
[Pipeline] {
[Pipeline] script
[Pipeline] {
[Pipeline] withSonarQubeEnv
Injecting SonarQube environment variables using the configuration: sonar-server
[Pipeline] {
[Pipeline] sh
Warning: A secret was passed to "sh" using Groovy String interpolation, which is insecure.
		 Affected argument(s) used the following variable(s): [AWS_ECR_REPO_NAME]
		 See https://jenkins.io/redirect/groovy-string-interpolation for details.
+ mvn sonar:sonar -Dsonar.projectKey=**** -Dsonar.projectName=**** -Dsonar.host.url=http://192.168.0.101:9000 -Dsonar.token=******
[INFO] Scanning for projects...
[WARNING] 
[WARNING] Some problems were encountered while building the effective model for com.edurekademo.tutorial:addressbook:war:2.0
[WARNING] Reporting configuration should be done in <reporting> section, not in maven-site-plugin <configuration> as reportPlugins parameter. @ line 298, column 40
[WARNING] 
[WARNING] It is highly recommended to fix these problems because they threaten the stability of your build.
[WARNING] 
[WARNING] For this reason, future Maven versions might no longer support building such malformed projects.
[WARNING] 
[WARNING] Could not transfer metadata org.apache.maven.plugins/maven-metadata.xml from/to maven-default-http-blocker (http://0.0.0.0/): Blocked mirror for repositories: [vaadin-snapshots (http://oss.sonatype.org/content/repositories/vaadin-snapshots/, default, snapshots)]
[WARNING] Could not transfer metadata org.codehaus.mojo/maven-metadata.xml from/to maven-default-http-blocker (http://0.0.0.0/): Blocked mirror for repositories: [vaadin-snapshots (http://oss.sonatype.org/content/repositories/vaadin-snapshots/, default, snapshots)]
[WARNING] Could not transfer metadata org.codehaus.mojo:sonar-maven-plugin/maven-metadata.xml from/to maven-default-http-blocker (http://0.0.0.0/): Blocked mirror for repositories: [vaadin-snapshots (http://oss.sonatype.org/content/repositories/vaadin-snapshots/, default, snapshots)]
[WARNING] The artifact org.codehaus.mojo:sonar-maven-plugin:jar:4.0.0.4121 has been relocated to org.sonarsource.scanner.maven:sonar-maven-plugin:jar:4.0.0.4121: SonarQube plugin was moved to SonarSource organisation
[INFO] 
[INFO] ----------------< com.edurekademo.tutorial:addressbook >----------------
[INFO] Building Vaadin Addressbook example 2.0
[INFO]   from pom.xml
[INFO] --------------------------------[ war ]---------------------------------
[WARNING] org.apache.maven.plugins/maven-metadata.xml failed to transfer from http://0.0.0.0/ during a previous attempt. This failure was cached in the local repository and resolution will not be reattempted until the update interval of maven-default-http-blocker has elapsed or updates are forced. Original error: Could not transfer metadata org.apache.maven.plugins/maven-metadata.xml from/to maven-default-http-blocker (http://0.0.0.0/): Blocked mirror for repositories: [vaadin-snapshots (http://oss.sonatype.org/content/repositories/vaadin-snapshots/, default, snapshots)]
[WARNING] org.codehaus.mojo/maven-metadata.xml failed to transfer from http://0.0.0.0/ during a previous attempt. This failure was cached in the local repository and resolution will not be reattempted until the update interval of maven-default-http-blocker has elapsed or updates are forced. Original error: Could not transfer metadata org.codehaus.mojo/maven-metadata.xml from/to maven-default-http-blocker (http://0.0.0.0/): Blocked mirror for repositories: [vaadin-snapshots (http://oss.sonatype.org/content/repositories/vaadin-snapshots/, default, snapshots)]
[INFO] 
[INFO] --- sonar:4.0.0.4121:sonar (default-cli) @ addressbook ---
[WARNING] 03:24:49.301 Using an unspecified version instead of an explicit plugin version may introduce breaking analysis changes at an unwanted time. It is highly recommended to use an explicit version, e.g. 'org.sonarsource.scanner.maven:sonar-maven-plugin:4.0.0.4121'.
[INFO] 03:24:49.329 Java 17.0.16 Ubuntu (64-bit)
[INFO] 03:24:49.330 Linux 6.8.0-87-generic (aarch64)
[INFO] 03:24:49.867 User cache: /home/himanshu/.sonar/cache
[INFO] 03:24:50.128 Communicating with SonarQube Server 25.9.0.112764
[INFO] 03:24:50.194 Default locale: "en_US", source code encoding: "UTF-8"
[WARNING] 03:24:51.345 Property 'env.SONARQUBE_SCANNER_PARAMS' is encrypted. The encryption of scanner properties is deprecated and will soon be removed.
[INFO] 03:24:52.819 Load global settings
[INFO] 03:24:53.084 Load global settings (done) | time=268ms
[INFO] 03:24:53.114 Server id: 147B411E-AZqH7FR25Sb_yQWC6Flo
[INFO] 03:24:53.127 Loading required plugins
[INFO] 03:24:53.128 Load plugins index
[INFO] 03:24:53.173 Load plugins index (done) | time=45ms
[INFO] 03:24:53.173 Load/download plugins
[INFO] 03:24:53.226 Load/download plugins (done) | time=53ms
[INFO] 03:24:53.873 Process project properties
[INFO] 03:24:53.903 Process project properties (done) | time=30ms
[INFO] 03:24:53.918 Project key: ****
[INFO] 03:24:53.918 Base dir: /home/himanshu/workspace/****
[INFO] 03:24:53.918 Working dir: /home/himanshu/workspace/****/target/sonar
[INFO] 03:24:53.928 Load project settings for component key: ****
[INFO] 03:24:53.997 Load project settings for component key: **** (done) | time=68ms
[INFO] 03:24:54.062 Load quality profiles
[INFO] 03:24:54.746 Load quality profiles (done) | time=684ms
[INFO] 03:24:54.773 Auto-configuring with CI 'Jenkins'
[INFO] 03:24:54.840 Load active rules
[INFO] 03:24:55.907 Load active rules (done) | time=1066ms
[INFO] 03:24:55.928 Load analysis cache
[INFO] 03:24:55.990 Load analysis cache (1.1 kB) | time=62ms
[INFO] 03:24:56.156 Preprocessing files...
[INFO] 03:24:56.478 2 languages detected in 19 preprocessed files (done) | time=321ms
[INFO] 03:24:56.479 0 files ignored because of scm ignore settings
[INFO] 03:24:56.483 Loading plugins for detected languages
[INFO] 03:24:56.484 Load/download plugins
[INFO] 03:24:56.523 Load/download plugins (done) | time=39ms
[INFO] 03:24:56.731 Load project repositories
[INFO] 03:24:56.971 Load project repositories (done) | time=240ms
[INFO] 03:24:56.995 Indexing files...
[INFO] 03:24:56.996 Project configuration:
[INFO] 03:24:57.011 19 files indexed (done) | time=15ms
[INFO] 03:24:57.013 Quality profile for java: Sonar way
[INFO] 03:24:57.013 Quality profile for xml: Sonar way
[INFO] 03:24:57.013 ------------- Run sensors on module ****
[INFO] 03:24:57.102 Load metrics repository
[INFO] 03:24:57.136 Load metrics repository (done) | time=34ms
[INFO] 03:24:59.636 Sensor JavaSensor [java]
[INFO] 03:24:59.646 Configured Java source version (sonar.java.source): 8, preview features enabled (sonar.java.enablePreview): false
[INFO] 03:24:59.696 Server-side caching is enabled. The Java analyzer will not try to leverage data from a previous analysis.
[INFO] 03:24:59.700 Using ECJ batch to parse 13 Main java source files with batch size 58 KB.
[INFO] 03:25:00.438 Starting batch processing.
[INFO] 03:25:01.878 The Java analyzer cannot skip unchanged files in this context. A full analysis is performed for all files.
[INFO] 03:25:06.327 100% analyzed
[INFO] 03:25:06.328 Batch processing: Done.
[INFO] 03:25:06.337 Did not optimize analysis for any files, performed a full analysis for all 13 files.
[INFO] 03:25:06.343 Using ECJ batch to parse 5 Test java source files with batch size 58 KB.
[INFO] 03:25:06.360 Starting batch processing.
[INFO] 03:25:06.785 100% analyzed
[INFO] 03:25:06.785 Batch processing: Done.
[INFO] 03:25:06.787 Did not optimize analysis for any files, performed a full analysis for all 5 files.
[INFO] 03:25:06.787 No "Generated" source files to scan.
[INFO] 03:25:06.789 Sensor JavaSensor [java] (done) | time=7154ms
[INFO] 03:25:06.789 Sensor SurefireSensor [java]
[INFO] 03:25:06.794 parsing [/home/himanshu/workspace/****/target/surefire-reports]
[INFO] 03:25:06.946 Sensor SurefireSensor [java] (done) | time=157ms
[INFO] 03:25:06.946 Sensor XML Sensor [xml]
[INFO] 03:25:06.958 1 source file to be analyzed
[INFO] 03:25:07.441 1/1 source file has been analyzed
[INFO] 03:25:07.442 Sensor XML Sensor [xml] (done) | time=496ms
[INFO] 03:25:07.442 Sensor JaCoCo XML Report Importer [jacoco]
[INFO] 03:25:07.445 'sonar.coverage.jacoco.xmlReportPaths' is not defined. Using default locations: target/site/jacoco/jacoco.xml,target/site/jacoco-it/jacoco.xml,build/reports/jacoco/test/jacocoTestReport.xml
[INFO] 03:25:07.447 No report imported, no coverage information will be imported by JaCoCo XML Report Importer
[INFO] 03:25:07.447 Sensor JaCoCo XML Report Importer [jacoco] (done) | time=5ms
[INFO] 03:25:07.448 Sensor IaC Docker Sensor [iac]
[INFO] 03:25:07.803 0 source files to be analyzed
[INFO] 03:25:07.805 0/0 source files have been analyzed
[INFO] 03:25:07.809 Sensor IaC Docker Sensor [iac] (done) | time=361ms
[INFO] 03:25:07.810 Sensor Java Config Sensor [iac]
[INFO] 03:25:07.857 0 source files to be analyzed
[INFO] 03:25:07.858 0/0 source files have been analyzed
[INFO] 03:25:07.858 Sensor Java Config Sensor [iac] (done) | time=48ms
[INFO] 03:25:07.859 Sensor TextAndSecretsSensor [text]
[INFO] 03:25:07.927 Available processors: 5
[INFO] 03:25:07.927 Using 5 threads for analysis.
[INFO] 03:25:09.071 Start fetching files for the text and secrets analysis
[INFO] 03:25:09.138 Using Git CLI to retrieve untracked files
[INFO] 03:25:09.241 Retrieving language associated files and files included via "sonar.text.inclusions" that are tracked by git
[INFO] 03:25:09.246 Starting the text and secrets analysis
[INFO] 03:25:09.254 19 source files to be analyzed for the text and secrets analysis
[INFO] 03:25:09.361 19/19 source files have been analyzed for the text and secrets analysis
[INFO] 03:25:09.372 Sensor TextAndSecretsSensor [text] (done) | time=1513ms
[INFO] 03:25:09.406 ------------- Run sensors on project
[INFO] 03:25:10.019 Sensor JavaProjectSensor [java]
[INFO] 03:25:10.036 Sensor JavaProjectSensor [java] (done) | time=17ms
[INFO] 03:25:10.037 Sensor Zero Coverage Sensor
[INFO] 03:25:10.086 Sensor Zero Coverage Sensor (done) | time=49ms
[INFO] 03:25:10.086 Sensor Java CPD Block Indexer
[INFO] 03:25:10.494 Sensor Java CPD Block Indexer (done) | time=407ms
[INFO] 03:25:10.495 ------------- Gather SCA dependencies on project
[INFO] 03:25:10.524 Dependency analysis skipped
[INFO] 03:25:10.603 CPD Executor 1 file had no CPD blocks
[INFO] 03:25:10.604 CPD Executor Calculating CPD for 12 files
[INFO] 03:25:10.692 CPD Executor CPD calculation finished (done) | time=78ms
[INFO] 03:25:10.719 SCM revision ID '4939a403ce9c45dea79541aa3f0968ee1d11d7a0'
[INFO] 03:25:11.098 Analysis report generated in 345ms, dir size=422.5 kB
[INFO] 03:25:11.205 Analysis report compressed in 103ms, zip size=103.5 kB
[INFO] 03:25:11.494 Analysis report uploaded in 288ms
[INFO] 03:25:11.501 ANALYSIS SUCCESSFUL, you can find the results at: http://192.168.0.101:9000/dashboard?id=****
[INFO] 03:25:11.501 Note that you will be able to access the updated dashboard once the server has processed the submitted analysis report
[INFO] 03:25:11.501 More about the report processing at http://192.168.0.101:9000/api/ce/task?id=e4b8a3a7-592c-4997-afa6-39b2b79f82fa
[INFO] 03:25:11.546 Analysis total time: 18.193 s
[INFO] ------------------------------------------------------------------------
[INFO] BUILD SUCCESS
[INFO] ------------------------------------------------------------------------
[INFO] Total time:  24.611 s
[INFO] Finished at: 2025-11-22T03:25:11Z
[INFO] ------------------------------------------------------------------------
[Pipeline] }
[Pipeline] // withSonarQubeEnv
[Pipeline] }
[Pipeline] // script
[Pipeline] }
[Pipeline] // withEnv
[Pipeline] }
[Pipeline] // stage
[Pipeline] stage
[Pipeline] { (Docker Image multiarch build & push)
[Pipeline] tool
[Pipeline] envVarsForTool
[Pipeline] withEnv
[Pipeline] {
[Pipeline] script
[Pipeline] {
[Pipeline] withCredentials
Masking supported pattern matches of $dockerhubpass
[Pipeline] {
[Pipeline] sh
Warning: A secret was passed to "sh" using Groovy String interpolation, which is insecure.
		 Affected argument(s) used the following variable(s): [dockerhubpass]
		 See https://jenkins.io/redirect/groovy-string-interpolation for details.
+ docker login -u hdxt25 -p ****
WARNING! Using --password via the CLI is insecure. Use --password-stdin.
Login Succeeded
[Pipeline] }
[Pipeline] // withCredentials
[Pipeline] sh
+ docker buildx inspect multiarch
+ docker buildx use multiarch
+ docker buildx inspect --bootstrap
Name:          multiarch
Driver:        docker-container
Last Activity: 2025-11-22 02:40:17 +0000 UTC

Nodes:
Name:                  multiarch0
Endpoint:              unix:///var/run/docker.sock
Status:                running
BuildKit daemon flags: --allow-insecure-entitlement=network.host
BuildKit version:      v0.26.2
Platforms:             linux/amd64*, linux/arm64*
Labels:
 org.mobyproject.buildkit.worker.executor:         oci
 org.mobyproject.buildkit.worker.hostname:         27ad32c226b9
 org.mobyproject.buildkit.worker.network:          host
 org.mobyproject.buildkit.worker.oci.process-mode: sandbox
 org.mobyproject.buildkit.worker.selinux.enabled:  false
 org.mobyproject.buildkit.worker.snapshotter:      overlayfs
GC Policy rule#0:
 All:            false
 Filters:        type==source.local,type==exec.cachemount,type==source.git.checkout
 Keep Duration:  48h0m0s
 Max Used Space: 488.3MiB
GC Policy rule#1:
 All:            false
 Keep Duration:  1440h0m0s
 Reserved Space: 4.657GiB
 Max Used Space: 30.73GiB
 Min Free Space: 8.382GiB
GC Policy rule#2:
 All:            false
 Reserved Space: 4.657GiB
 Max Used Space: 30.73GiB
 Min Free Space: 8.382GiB
GC Policy rule#3:
 All:            true
 Reserved Space: 4.657GiB
 Max Used Space: 30.73GiB
 Min Free Space: 8.382GiB
[Pipeline] sh
Warning: A secret was passed to "sh" using Groovy String interpolation, which is insecure.
		 Affected argument(s) used the following variable(s): [AWS_ECR_REPO_NAME]
		 See https://jenkins.io/redirect/groovy-string-interpolation for details.
+ docker buildx build --platform linux/amd64,linux/arm64 -t hdxt25/****:4 --push .
#0 building with "multiarch" instance using docker-container driver

#1 [internal] load build definition from Dockerfile
#1 transferring dockerfile: 502B 0.1s done
#1 DONE 0.1s

#2 [linux/arm64 internal] load metadata for docker.io/library/tomcat:9-jre8
#2 ...

#3 [auth] library/maven:pull token for registry-1.docker.io
#3 DONE 0.0s

#4 [auth] library/tomcat:pull token for registry-1.docker.io
#4 DONE 0.0s

#5 [linux/amd64 internal] load metadata for docker.io/library/tomcat:9-jre8
#5 ...

#6 [linux/amd64 internal] load metadata for docker.io/library/maven:3.9.2-eclipse-temurin-17
#6 DONE 3.9s

#2 [linux/arm64 internal] load metadata for docker.io/library/tomcat:9-jre8
#2 DONE 3.9s

#7 [linux/arm64 internal] load metadata for docker.io/library/maven:3.9.2-eclipse-temurin-17
#7 DONE 3.9s

#5 [linux/amd64 internal] load metadata for docker.io/library/tomcat:9-jre8
#5 DONE 3.9s

#8 [internal] load .dockerignore
#8 transferring context: 2B 0.0s done
#8 DONE 0.1s

#9 [internal] load build context
#9 ...

#10 [linux/amd64 build 1/6] FROM docker.io/library/maven:3.9.2-eclipse-temurin-17@sha256:234b59bf7e00d883f94cbaa4e556d1a0ad0f3269d00239fc190c2ee32902786d
#10 resolve docker.io/library/maven:3.9.2-eclipse-temurin-17@sha256:234b59bf7e00d883f94cbaa4e556d1a0ad0f3269d00239fc190c2ee32902786d 0.3s done
#10 DONE 0.4s

#9 [internal] load build context
#9 ...

#11 [linux/amd64 stage-1 1/5] FROM docker.io/library/tomcat:9-jre8@sha256:6282597c26f36f851305426147841fc53ceffa879c2a4687431314802fb4963c
#11 resolve docker.io/library/tomcat:9-jre8@sha256:6282597c26f36f851305426147841fc53ceffa879c2a4687431314802fb4963c 0.4s done
#11 DONE 0.5s

#12 [linux/arm64 stage-1 1/5] FROM docker.io/library/tomcat:9-jre8@sha256:6282597c26f36f851305426147841fc53ceffa879c2a4687431314802fb4963c
#12 resolve docker.io/library/tomcat:9-jre8@sha256:6282597c26f36f851305426147841fc53ceffa879c2a4687431314802fb4963c 0.4s done
#12 DONE 0.5s

#13 [linux/arm64 build 1/6] FROM docker.io/library/maven:3.9.2-eclipse-temurin-17@sha256:234b59bf7e00d883f94cbaa4e556d1a0ad0f3269d00239fc190c2ee32902786d
#13 resolve docker.io/library/maven:3.9.2-eclipse-temurin-17@sha256:234b59bf7e00d883f94cbaa4e556d1a0ad0f3269d00239fc190c2ee32902786d 0.4s done
#13 DONE 0.5s

#9 [internal] load build context
#9 transferring context: 18.18MB 2.4s done
#9 DONE 2.5s

#14 [linux/amd64 build 6/6] RUN mvn clean install
#14 CACHED

#15 [linux/amd64 stage-1 2/5] WORKDIR /usr/local/tomcat/webapps
#15 CACHED

#16 [linux/amd64 build 2/6] RUN apt-get update -y
#16 CACHED

#17 [linux/amd64 build 3/6] WORKDIR /app
#17 CACHED

#18 [linux/amd64 build 4/6] COPY pom.xml .
#18 CACHED

#19 [linux/amd64 build 5/6] COPY src .
#19 CACHED

#20 [linux/amd64 stage-1 3/5] RUN rm -rf /usr/local/tomcat/webapps/*
#20 CACHED

#21 [linux/arm64 build 6/6] RUN mvn clean install
#21 CACHED

#22 [linux/arm64 build 2/6] RUN apt-get update -y
#22 CACHED

#23 [linux/arm64 stage-1 2/5] WORKDIR /usr/local/tomcat/webapps
#23 CACHED

#24 [linux/arm64 stage-1 3/5] RUN rm -rf /usr/local/tomcat/webapps/*
#24 CACHED

#25 [linux/arm64 build 4/6] COPY pom.xml .
#25 CACHED

#26 [linux/arm64 build 5/6] COPY src .
#26 CACHED

#27 [linux/arm64 build 3/6] WORKDIR /app
#27 CACHED

#28 [linux/amd64 stage-1 4/5] COPY --from=build /app/target/*.war ARTIFACT
#28 CACHED

#29 [linux/arm64 stage-1 4/5] COPY --from=build /app/target/*.war ARTIFACT
#29 CACHED

#30 [linux/amd64 stage-1 5/5] COPY  /usr/local/tomcat/ROOT.war
#30 DONE 0.8s

#31 [linux/arm64 stage-1 5/5] COPY  /usr/local/tomcat/ROOT.war
#31 DONE 0.8s

#32 exporting to image
#32 exporting layers
#32 exporting layers 3.3s done
#32 exporting manifest sha256:e610f1d572536a90d5e647de3ad484197525b670e2c69b62e4b4c0b1151fbbdc 0.0s done
#32 exporting config sha256:c2e2c7513eb6427cb30f6eff7307d125efd80772a861ad7b1e9476ca95c646c9 0.0s done
#32 exporting attestation manifest sha256:16c4e4603e6d72c8ea9ea570aa62dd311414bf430612961483f5dd74264b17ab
#32 exporting attestation manifest sha256:16c4e4603e6d72c8ea9ea570aa62dd311414bf430612961483f5dd74264b17ab 0.1s done
#32 exporting manifest sha256:1171ea818dd5299359c49b61a69cc32e6e606ee4549510bb1c80b2d8e947bdce 0.0s done
#32 exporting config sha256:614eed7da7fa604810888e288822cce4cb3d4f456bb724ff3691220e758d71d0
#32 exporting config sha256:614eed7da7fa604810888e288822cce4cb3d4f456bb724ff3691220e758d71d0 0.0s done
#32 exporting attestation manifest sha256:679d1772bcbfd8d71723d656b204a87f5647994f919d8feb1fead66d47ccf6c8
#32 exporting attestation manifest sha256:679d1772bcbfd8d71723d656b204a87f5647994f919d8feb1fead66d47ccf6c8 0.2s done
#32 exporting manifest list sha256:8a4641d87959309cc1f1d1e43876727c0a796514bad7014792992ee875f6c912 0.1s done
#32 pushing layers
#32 ...

#33 [auth] hdxt25/****:pull,push token for registry-1.docker.io
#33 DONE 0.0s

#32 exporting to image
#32 pushing layers 29.5s done
#32 pushing manifest for docker.io/hdxt25/****:4@sha256:8a4641d87959309cc1f1d1e43876727c0a796514bad7014792992ee875f6c912
#32 pushing manifest for docker.io/hdxt25/****:4@sha256:8a4641d87959309cc1f1d1e43876727c0a796514bad7014792992ee875f6c912 7.7s done
#32 DONE 41.2s
[Pipeline] sh
+ docker logout
Removing login credentials for https://index.docker.io/v1/
[Pipeline] }
[Pipeline] // script
[Pipeline] }
[Pipeline] // withEnv
[Pipeline] }
[Pipeline] // stage
[Pipeline] stage
[Pipeline] { (TRIVY Image Scan)
[Pipeline] tool
[Pipeline] envVarsForTool
[Pipeline] withEnv
[Pipeline] {
[Pipeline] script
[Pipeline] {
[Pipeline] withCredentials
Masking supported pattern matches of $DOCKER_PASS
[Pipeline] {
[Pipeline] sh
Warning: A secret was passed to "sh" using Groovy String interpolation, which is insecure.
		 Affected argument(s) used the following variable(s): [AWS_ECR_REPO_NAME]
		 See https://jenkins.io/redirect/groovy-string-interpolation for details.
+ echo ****
+ docker login -u hdxt25 --password-stdin

WARNING! Your credentials are stored unencrypted in '/home/himanshu/.docker/config.json'.
Configure a credential helper to remove this warning. See
https://docs.docker.com/go/credential-store/

Login Succeeded
+ echo Detecting CPU architecture...
Detecting CPU architecture...
+ uname -m
+ ARCH=aarch64
+ echo Current architecture: aarch64
Current architecture: aarch64
+ docker pull --platform linux/amd64 hdxt25/****:4
4: Pulling from hdxt25/****
893df6b9985b: Pulling fs layer
893df6b9985b: Download complete
893df6b9985b: Pull complete
Digest: sha256:8a4641d87959309cc1f1d1e43876727c0a796514bad7014792992ee875f6c912
Status: Downloaded newer image for hdxt25/****:4
docker.io/hdxt25/****:4
+ docker pull --platform linux/arm64 hdxt25/****:4
4: Pulling from hdxt25/****
626825d7dafa: Pulling fs layer
626825d7dafa: Download complete
626825d7dafa: Pull complete
Digest: sha256:8a4641d87959309cc1f1d1e43876727c0a796514bad7014792992ee875f6c912
Status: Image is up to date for hdxt25/****:4
docker.io/hdxt25/****:4
+ trivy image --platform linux/amd64 hdxt25/****:4
2025-11-22T03:27:03Z	INFO	[vuln] Vulnerability scanning is enabled
2025-11-22T03:27:03Z	INFO	[secret] Secret scanning is enabled
2025-11-22T03:27:03Z	INFO	[secret] If your scanning is slow, please try '--scanners vuln' to disable secret scanning
2025-11-22T03:27:03Z	INFO	[secret] Please see https://trivy.dev/v0.67/docs/scanner/secret#recommendation for faster secret detection
2025-11-22T03:27:30Z	INFO	Detected OS	family="ubuntu" version="24.04"
2025-11-22T03:27:30Z	INFO	[ubuntu] Detecting vulnerabilities...	os_version="24.04" pkg_num=137
2025-11-22T03:27:30Z	INFO	Number of language-specific files	num=1
2025-11-22T03:27:30Z	INFO	[jar] Detecting vulnerabilities...
2025-11-22T03:27:31Z	INFO	Table result includes only package filenames. Use '--format json' option to get the full path to the package file.
+ trivy image --platform linux/arm64 hdxt25/****:4
2025-11-22T03:27:31Z	INFO	[vuln] Vulnerability scanning is enabled
2025-11-22T03:27:31Z	INFO	[secret] Secret scanning is enabled
2025-11-22T03:27:31Z	INFO	[secret] If your scanning is slow, please try '--scanners vuln' to disable secret scanning
2025-11-22T03:27:31Z	INFO	[secret] Please see https://trivy.dev/v0.67/docs/scanner/secret#recommendation for faster secret detection
2025-11-22T03:27:33Z	INFO	Detected OS	family="ubuntu" version="24.04"
2025-11-22T03:27:33Z	INFO	[ubuntu] Detecting vulnerabilities...	os_version="24.04" pkg_num=137
2025-11-22T03:27:33Z	INFO	Number of language-specific files	num=1
2025-11-22T03:27:33Z	INFO	[jar] Detecting vulnerabilities...
2025-11-22T03:27:33Z	INFO	Table result includes only package filenames. Use '--format json' option to get the full path to the package file.
+ [ aarch64 = x86_64 ]
+ [ aarch64 = aarch64 ]
+ echo Keeping arm64 image for next stage
Keeping arm64 image for next stage
+ docker image rm --platform linux/amd64 hdxt25/****:4
Error response from daemon: Content will be removed from all images referencing this variant. Use â€”-force to force delete.
+ true
+ cat trivy_amd64.txt trivy_arm64.txt
+ sort
+ uniq
[Pipeline] sh
+ docker logout
Removing login credentials for https://index.docker.io/v1/
[Pipeline] }
[Pipeline] // withCredentials
[Pipeline] }
[Pipeline] // script
[Pipeline] }
[Pipeline] // withEnv
[Pipeline] }
[Pipeline] // stage
[Pipeline] stage
[Pipeline] { (Update: Kubernetes manifest)
[Pipeline] tool
[Pipeline] envVarsForTool
[Pipeline] withEnv
[Pipeline] {
[Pipeline] script
[Pipeline] {
[Pipeline] dir
Running in /home/himanshu/workspace/****/kubernetes
[Pipeline] {
[Pipeline] sh
Warning: A secret was passed to "sh" using Groovy String interpolation, which is insecure.
		 Affected argument(s) used the following variable(s): [AWS_ECR_REPO_NAME]
		 See https://jenkins.io/redirect/groovy-string-interpolation for details.
+ echo Current BUILD_NUMBER: 4
Current BUILD_NUMBER: 4
+ sed -i s|hdxt25/****:.*|hdxt25/****:4|g ****-deployment.yaml
+ echo Updated image in manifest:
Updated image in manifest:
+ grep -A 1 image: ****-deployment.yaml
        image: hdxt25/****:4
        ports:
[Pipeline] }
[Pipeline] // dir
[Pipeline] }
[Pipeline] // script
[Pipeline] }
[Pipeline] // withEnv
[Pipeline] }
[Pipeline] // stage
[Pipeline] stage
[Pipeline] { (Git: Code update and push to GitHub)
[Pipeline] tool
[Pipeline] envVarsForTool
[Pipeline] withEnv
[Pipeline] {
[Pipeline] script
[Pipeline] {
[Pipeline] dir
Running in /home/himanshu/workspace/****/kubernetes
[Pipeline] {
[Pipeline] withCredentials
Masking supported pattern matches of $GITHUB_TOKEN
[Pipeline] {
[Pipeline] sh
Warning: A secret was passed to "sh" using Groovy String interpolation, which is insecure.
		 Affected argument(s) used the following variable(s): [AWS_ECR_REPO_NAME, GITHUB_TOKEN]
		 See https://jenkins.io/redirect/groovy-string-interpolation for details.
+ git config user.email hdxt25@gmail.com
+ git config user.name himanshu
+ echo Adding changes to git: 
Adding changes to git: 
+ git add ****-deployment.yaml
+ echo Commiting changes: 
Commiting changes: 
+ git commit -m Updated K8s Deployment Docker Image Version 4
[main 9a6fcbc] Updated K8s Deployment Docker Image Version 4
 1 file changed, 1 insertion(+), 1 deletion(-)
+ echo Pushing changes to github: 
Pushing changes to github: 
+ git push https://****@github.com/hdxt25/JenkinsCI-DevOpsClassCodes HEAD:main
To https://github.com/hdxt25/JenkinsCI-DevOpsClassCodes
   4939a40..9a6fcbc  HEAD -> main
[Pipeline] }
[Pipeline] // withCredentials
[Pipeline] }
[Pipeline] // dir
[Pipeline] }
[Pipeline] // script
[Pipeline] }
[Pipeline] // withEnv
[Pipeline] }
[Pipeline] // stage
[Pipeline] }
[Pipeline] // withEnv
[Pipeline] }
[Pipeline] // withEnv
[Pipeline] }
[Pipeline] // withCredentials
[Pipeline] }
[Pipeline] // withEnv
[Pipeline] }
[Pipeline] // node
[Pipeline] End of Pipeline
Finished: SUCCESS
